<?xml version="1.0" encoding="UTF-8"?>
<!-- Generated by org.testng.reporters.JUnitXMLReporter -->
<testsuite ignored="0" hostname="DESKTOP-5G1UN2J" failures="0" tests="11" name="Default test" time="31.519" errors="0" timestamp="2025-04-10T15:36:45 IST">
  <testcase classname="testpages.BeneficiaryCreationTest" name="loginWithMaker" time="1.414"/>
  <testcase classname="testpages.BeneficiaryCreationTest" name="MasterMenuisClickable" time="5.265"/>
  <testcase classname="testpages.BeneficiaryCreationTest" name="vendorcreationMenuisclickable" time="0.23"/>
  <testcase classname="testpages.BeneficiaryCreationTest" name="BenefiicaryNamecanbeenter" time="0.104"/>
  <testcase classname="testpages.BeneficiaryCreationTest" name="MobileNumbercanbeenter" time="3.7"/>
  <testcase classname="testpages.BeneficiaryCreationTest" name="emailIDcanbeenter" time="1.759"/>
  <testcase classname="testpages.BeneficiaryCreationTest" name="Addresscanbeenter" time="1.634"/>
  <testcase classname="testpages.BeneficiaryCreationTest" name="vendorpincodecanbeenter" time="1.688"/>
  <testcase classname="testpages.BeneficiaryCreationTest" name="vendorcitycanbeenter" time="1.668"/>
  <testcase classname="testpages.BeneficiaryCreationTest" name="vendorpancanbeenter" time="1.627"/>
  <testcase classname="testpages.BeneficiaryCreationTest" name="vendorcanentertanno" time="2.169"/>
</testsuite> <!-- Default test -->
